<?xml version="1.0" encoding="UTF-8"?>
<!-- Generated by org.testng.reporters.JUnitReportReporter -->
<testsuite skipped="0" hostname="pc" name="Com.mt.modules.Login" tests="1" failures="0" timestamp="02 Sep 2019 15:00:40 GMT" time="8.662" errors="0">
  <testcase name="executeLogin" time="8.662" classname="Com.mt.modules.Login"/>
</testsuite> <!-- Com.mt.modules.Login -->
