<?xml version="1.0" encoding="UTF-8"?>
<!-- Generated by org.testng.reporters.JUnitReportReporter -->
<testsuite skipped="0" hostname="pc" name="Com.mt.utility.CloseBrowser" tests="1" failures="0" timestamp="02 Sep 2019 15:00:40 GMT" time="0.976" errors="0">
  <testcase name="CloseBrowser" time="0.976" classname="Com.mt.utility.CloseBrowser"/>
</testsuite> <!-- Com.mt.utility.CloseBrowser -->
