<?xml version="1.0" encoding="UTF-8"?>
<!-- Generated by org.testng.reporters.JUnitReportReporter -->
<testsuite skipped="0" hostname="pc" name="Com.mt.modules.Launch" tests="1" failures="0" timestamp="02 Sep 2019 15:00:40 GMT" time="25.513" errors="0">
  <testcase name="executeLaunch" time="25.513" classname="Com.mt.modules.Launch"/>
</testsuite> <!-- Com.mt.modules.Launch -->
